05-15 21:20:16 com_github_MitjaNemec_Archive3DModels.action_archive_3d_models 220:Plugin executed on: 'win32'
05-15 21:20:16 com_github_MitjaNemec_Archive3DModels.action_archive_3d_models 221:Plugin executed with python version: '3.9.10 (main, Feb 11 2022, 04:18:11) [MSC v.1928 64 bit (AMD64)]'
05-15 21:20:16 com_github_MitjaNemec_Archive3DModels.action_archive_3d_models 222:KiCad build version: (6.0.4)
05-15 21:20:16 com_github_MitjaNemec_Archive3DModels.action_archive_3d_models 223:Plugin version: 1.0.8

05-15 21:20:16 com_github_MitjaNemec_Archive3DModels.action_archive_3d_models 228:Screen sizes: [wx.Size(1920, 1080)]
05-15 21:20:16 com_github_MitjaNemec_Archive3DModels.action_archive_3d_models 235:Dialog size: wx.Size(213, 81)
05-15 21:20:16 com_github_MitjaNemec_Archive3DModels.action_archive_3d_models 237:Char size: 15
05-15 21:20:17 com_github_MitjaNemec_Archive3DModels.archive_3d_models 13:Starting to archive 3D models
05-15 21:20:17 com_github_MitjaNemec_Archive3DModels.archive_3d_models 34:Getting 3D models for footprint of: H1
05-15 21:20:17 com_github_MitjaNemec_Archive3DModels.archive_3d_models 34:Getting 3D models for footprint of: H2
05-15 21:20:17 com_github_MitjaNemec_Archive3DModels.archive_3d_models 34:Getting 3D models for footprint of: TP1
05-15 21:20:17 com_github_MitjaNemec_Archive3DModels.archive_3d_models 45:Trying to copy: ${KIPRJMOD}/packages3D/TestPoint_Keystone_5015_Micro-Minature.wrl
05-15 21:20:17 com_github_MitjaNemec_Archive3DModels.archive_3d_models 108:Did not copy: ${KIPRJMOD}/packages3D/TestPoint_Keystone_5015_Micro-Minature.wrl
05-15 21:20:17 com_github_MitjaNemec_Archive3DModels.archive_3d_models 112:Remapping: ${KIPRJMOD}/packages3D/TestPoint_Keystone_5015_Micro-Minature.wrl
05-15 21:20:17 com_github_MitjaNemec_Archive3DModels.archive_3d_models 34:Getting 3D models for footprint of: TP2
05-15 21:20:17 com_github_MitjaNemec_Archive3DModels.archive_3d_models 45:Trying to copy: ${KIPRJMOD}/packages3D/TestPoint_Keystone_5015_Micro-Minature.wrl
05-15 21:20:17 com_github_MitjaNemec_Archive3DModels.archive_3d_models 108:Did not copy: ${KIPRJMOD}/packages3D/TestPoint_Keystone_5015_Micro-Minature.wrl
05-15 21:20:17 com_github_MitjaNemec_Archive3DModels.archive_3d_models 112:Remapping: ${KIPRJMOD}/packages3D/TestPoint_Keystone_5015_Micro-Minature.wrl
05-15 21:20:17 com_github_MitjaNemec_Archive3DModels.archive_3d_models 34:Getting 3D models for footprint of: L1
05-15 21:20:17 com_github_MitjaNemec_Archive3DModels.archive_3d_models 45:Trying to copy: ${KIPRJMOD}/packages3D/LED_1206_3216Metric.wrl
05-15 21:20:17 com_github_MitjaNemec_Archive3DModels.archive_3d_models 112:Remapping: ${KIPRJMOD}/packages3D/LED_1206_3216Metric.wrl
05-15 21:20:17 com_github_MitjaNemec_Archive3DModels.archive_3d_models 34:Getting 3D models for footprint of: L3
05-15 21:20:17 com_github_MitjaNemec_Archive3DModels.archive_3d_models 45:Trying to copy: ${KIPRJMOD}/packages3D/LED_1206_3216Metric.wrl
05-15 21:20:17 com_github_MitjaNemec_Archive3DModels.archive_3d_models 112:Remapping: ${KIPRJMOD}/packages3D/LED_1206_3216Metric.wrl
05-15 21:20:17 com_github_MitjaNemec_Archive3DModels.archive_3d_models 34:Getting 3D models for footprint of: F1
05-15 21:20:17 com_github_MitjaNemec_Archive3DModels.archive_3d_models 45:Trying to copy: ${KIPRJMOD}/packages3D/Fuseholder_Blade_Mini_Keystone_3568.wrl
05-15 21:20:17 com_github_MitjaNemec_Archive3DModels.archive_3d_models 112:Remapping: ${KIPRJMOD}/packages3D/Fuseholder_Blade_Mini_Keystone_3568.wrl
05-15 21:20:17 com_github_MitjaNemec_Archive3DModels.archive_3d_models 34:Getting 3D models for footprint of: F4
05-15 21:20:17 com_github_MitjaNemec_Archive3DModels.archive_3d_models 45:Trying to copy: ${KIPRJMOD}/packages3D/Fuseholder_Blade_Mini_Keystone_3568.wrl
05-15 21:20:17 com_github_MitjaNemec_Archive3DModels.archive_3d_models 112:Remapping: ${KIPRJMOD}/packages3D/Fuseholder_Blade_Mini_Keystone_3568.wrl
05-15 21:20:17 com_github_MitjaNemec_Archive3DModels.archive_3d_models 34:Getting 3D models for footprint of: H3
05-15 21:20:17 com_github_MitjaNemec_Archive3DModels.archive_3d_models 34:Getting 3D models for footprint of: H4
05-15 21:20:17 com_github_MitjaNemec_Archive3DModels.archive_3d_models 34:Getting 3D models for footprint of: J3
05-15 21:20:17 com_github_MitjaNemec_Archive3DModels.archive_3d_models 45:Trying to copy: ${KIPRJMOD}/packages3D/436500200.stp
05-15 21:20:17 com_github_MitjaNemec_Archive3DModels.archive_3d_models 112:Remapping: ${KIPRJMOD}/packages3D/436500200.stp
05-15 21:20:17 com_github_MitjaNemec_Archive3DModels.archive_3d_models 34:Getting 3D models for footprint of: J4
05-15 21:20:17 com_github_MitjaNemec_Archive3DModels.archive_3d_models 45:Trying to copy: ${KIPRJMOD}/packages3D/436500200.stp
05-15 21:20:17 com_github_MitjaNemec_Archive3DModels.archive_3d_models 112:Remapping: ${KIPRJMOD}/packages3D/436500200.stp
05-15 21:20:17 com_github_MitjaNemec_Archive3DModels.archive_3d_models 34:Getting 3D models for footprint of: J5
05-15 21:20:17 com_github_MitjaNemec_Archive3DModels.archive_3d_models 45:Trying to copy: ${KIPRJMOD}/packages3D/436500200.stp
05-15 21:20:17 com_github_MitjaNemec_Archive3DModels.archive_3d_models 112:Remapping: ${KIPRJMOD}/packages3D/436500200.stp
05-15 21:20:17 com_github_MitjaNemec_Archive3DModels.archive_3d_models 34:Getting 3D models for footprint of: J9
05-15 21:20:17 com_github_MitjaNemec_Archive3DModels.archive_3d_models 45:Trying to copy: ${KIPRJMOD}/packages3D/436500200.stp
05-15 21:20:17 com_github_MitjaNemec_Archive3DModels.archive_3d_models 112:Remapping: ${KIPRJMOD}/packages3D/436500200.stp
05-15 21:20:17 com_github_MitjaNemec_Archive3DModels.archive_3d_models 34:Getting 3D models for footprint of: J8
05-15 21:20:17 com_github_MitjaNemec_Archive3DModels.archive_3d_models 45:Trying to copy: ${KIPRJMOD}/packages3D/436500200.stp
05-15 21:20:17 com_github_MitjaNemec_Archive3DModels.archive_3d_models 112:Remapping: ${KIPRJMOD}/packages3D/436500200.stp
05-15 21:20:17 com_github_MitjaNemec_Archive3DModels.archive_3d_models 34:Getting 3D models for footprint of: J12
05-15 21:20:17 com_github_MitjaNemec_Archive3DModels.archive_3d_models 45:Trying to copy: ${KIPRJMOD}/packages3D/436500200.stp
05-15 21:20:17 com_github_MitjaNemec_Archive3DModels.archive_3d_models 112:Remapping: ${KIPRJMOD}/packages3D/436500200.stp
05-15 21:20:17 com_github_MitjaNemec_Archive3DModels.archive_3d_models 34:Getting 3D models for footprint of: Q1
05-15 21:20:17 com_github_MitjaNemec_Archive3DModels.archive_3d_models 45:Trying to copy: ${KIPRJMOD}/packages3D/TO-252-3_TabPin2.wrl
05-15 21:20:17 com_github_MitjaNemec_Archive3DModels.archive_3d_models 112:Remapping: ${KIPRJMOD}/packages3D/TO-252-3_TabPin2.wrl
05-15 21:20:17 com_github_MitjaNemec_Archive3DModels.archive_3d_models 34:Getting 3D models for footprint of: Q2
05-15 21:20:17 com_github_MitjaNemec_Archive3DModels.archive_3d_models 45:Trying to copy: ${KIPRJMOD}/packages3D/TO-252-3_TabPin2.wrl
05-15 21:20:17 com_github_MitjaNemec_Archive3DModels.archive_3d_models 112:Remapping: ${KIPRJMOD}/packages3D/TO-252-3_TabPin2.wrl
05-15 21:20:17 com_github_MitjaNemec_Archive3DModels.archive_3d_models 34:Getting 3D models for footprint of: R2
05-15 21:20:17 com_github_MitjaNemec_Archive3DModels.archive_3d_models 45:Trying to copy: ${KIPRJMOD}/packages3D/R_1206_3216Metric.wrl
05-15 21:20:17 com_github_MitjaNemec_Archive3DModels.archive_3d_models 112:Remapping: ${KIPRJMOD}/packages3D/R_1206_3216Metric.wrl
05-15 21:20:17 com_github_MitjaNemec_Archive3DModels.archive_3d_models 34:Getting 3D models for footprint of: R3
05-15 21:20:17 com_github_MitjaNemec_Archive3DModels.archive_3d_models 45:Trying to copy: ${KIPRJMOD}/packages3D/R_1206_3216Metric.wrl
05-15 21:20:17 com_github_MitjaNemec_Archive3DModels.archive_3d_models 112:Remapping: ${KIPRJMOD}/packages3D/R_1206_3216Metric.wrl
05-15 21:20:17 com_github_MitjaNemec_Archive3DModels.archive_3d_models 34:Getting 3D models for footprint of: R4
05-15 21:20:17 com_github_MitjaNemec_Archive3DModels.archive_3d_models 45:Trying to copy: ${KIPRJMOD}/packages3D/R_1206_3216Metric.wrl
05-15 21:20:17 com_github_MitjaNemec_Archive3DModels.archive_3d_models 112:Remapping: ${KIPRJMOD}/packages3D/R_1206_3216Metric.wrl
05-15 21:20:17 com_github_MitjaNemec_Archive3DModels.archive_3d_models 34:Getting 3D models for footprint of: R5
05-15 21:20:17 com_github_MitjaNemec_Archive3DModels.archive_3d_models 45:Trying to copy: ${KIPRJMOD}/packages3D/R_1206_3216Metric.wrl
05-15 21:20:17 com_github_MitjaNemec_Archive3DModels.archive_3d_models 112:Remapping: ${KIPRJMOD}/packages3D/R_1206_3216Metric.wrl
05-15 21:20:17 com_github_MitjaNemec_Archive3DModels.archive_3d_models 34:Getting 3D models for footprint of: F3
05-15 21:20:17 com_github_MitjaNemec_Archive3DModels.archive_3d_models 45:Trying to copy: ${KIPRJMOD}/packages3D/Fuseholder_Blade_Mini_Keystone_3568.wrl
05-15 21:20:17 com_github_MitjaNemec_Archive3DModels.archive_3d_models 112:Remapping: ${KIPRJMOD}/packages3D/Fuseholder_Blade_Mini_Keystone_3568.wrl
05-15 21:20:17 com_github_MitjaNemec_Archive3DModels.archive_3d_models 34:Getting 3D models for footprint of: L4
05-15 21:20:17 com_github_MitjaNemec_Archive3DModels.archive_3d_models 45:Trying to copy: ${KIPRJMOD}/packages3D/LED_1206_3216Metric.wrl
05-15 21:20:17 com_github_MitjaNemec_Archive3DModels.archive_3d_models 112:Remapping: ${KIPRJMOD}/packages3D/LED_1206_3216Metric.wrl
05-15 21:20:17 com_github_MitjaNemec_Archive3DModels.archive_3d_models 34:Getting 3D models for footprint of: R6
05-15 21:20:17 com_github_MitjaNemec_Archive3DModels.archive_3d_models 45:Trying to copy: ${KIPRJMOD}/packages3D/R_1206_3216Metric.wrl
05-15 21:20:17 com_github_MitjaNemec_Archive3DModels.archive_3d_models 112:Remapping: ${KIPRJMOD}/packages3D/R_1206_3216Metric.wrl
05-15 21:20:17 com_github_MitjaNemec_Archive3DModels.archive_3d_models 34:Getting 3D models for footprint of: F5
05-15 21:20:17 com_github_MitjaNemec_Archive3DModels.archive_3d_models 45:Trying to copy: ${KIPRJMOD}/packages3D/Fuseholder_Blade_Mini_Keystone_3568.wrl
05-15 21:20:17 com_github_MitjaNemec_Archive3DModels.archive_3d_models 112:Remapping: ${KIPRJMOD}/packages3D/Fuseholder_Blade_Mini_Keystone_3568.wrl
05-15 21:20:17 com_github_MitjaNemec_Archive3DModels.archive_3d_models 34:Getting 3D models for footprint of: J1
05-15 21:20:17 com_github_MitjaNemec_Archive3DModels.archive_3d_models 45:Trying to copy: ${KIPRJMOD}/packages3D/2002411212.stp
05-15 21:20:17 com_github_MitjaNemec_Archive3DModels.archive_3d_models 112:Remapping: ${KIPRJMOD}/packages3D/2002411212.stp
05-15 21:20:17 com_github_MitjaNemec_Archive3DModels.archive_3d_models 34:Getting 3D models for footprint of: J10
05-15 21:20:17 com_github_MitjaNemec_Archive3DModels.archive_3d_models 45:Trying to copy: ${KIPRJMOD}/packages3D/436500200.stp
05-15 21:20:17 com_github_MitjaNemec_Archive3DModels.archive_3d_models 112:Remapping: ${KIPRJMOD}/packages3D/436500200.stp
05-15 21:20:17 com_github_MitjaNemec_Archive3DModels.archive_3d_models 34:Getting 3D models for footprint of: L2
05-15 21:20:17 com_github_MitjaNemec_Archive3DModels.archive_3d_models 45:Trying to copy: ${KIPRJMOD}/packages3D/LED_1206_3216Metric.wrl
05-15 21:20:17 com_github_MitjaNemec_Archive3DModels.archive_3d_models 112:Remapping: ${KIPRJMOD}/packages3D/LED_1206_3216Metric.wrl
05-15 21:20:17 com_github_MitjaNemec_Archive3DModels.archive_3d_models 34:Getting 3D models for footprint of: R1
05-15 21:20:17 com_github_MitjaNemec_Archive3DModels.archive_3d_models 45:Trying to copy: ${KIPRJMOD}/packages3D/R_1206_3216Metric.wrl
05-15 21:20:17 com_github_MitjaNemec_Archive3DModels.archive_3d_models 112:Remapping: ${KIPRJMOD}/packages3D/R_1206_3216Metric.wrl
05-15 21:20:17 com_github_MitjaNemec_Archive3DModels.archive_3d_models 34:Getting 3D models for footprint of: J2
05-15 21:20:17 com_github_MitjaNemec_Archive3DModels.archive_3d_models 45:Trying to copy: ${KIPRJMOD}/packages3D/M-RJHSE-X380-REVT1.STEP
05-15 21:20:17 com_github_MitjaNemec_Archive3DModels.archive_3d_models 112:Remapping: ${KIPRJMOD}/packages3D/M-RJHSE-X380-REVT1.STEP
05-15 21:20:17 com_github_MitjaNemec_Archive3DModels.archive_3d_models 34:Getting 3D models for footprint of: JP2
05-15 21:20:17 com_github_MitjaNemec_Archive3DModels.archive_3d_models 34:Getting 3D models for footprint of: JP1
05-15 21:20:17 com_github_MitjaNemec_Archive3DModels.archive_3d_models 45:Trying to copy: ${KICAD6_3DMODEL_DIR}/Connector_PinHeader_2.54mm.3dshapes/PinHeader_1x02_P2.54mm_Vertical.wrl
05-15 21:20:17 com_github_MitjaNemec_Archive3DModels.archive_3d_models 112:Remapping: ${KICAD6_3DMODEL_DIR}/Connector_PinHeader_2.54mm.3dshapes/PinHeader_1x02_P2.54mm_Vertical.wrl
05-15 21:20:17 com_github_MitjaNemec_Archive3DModels.archive_3d_models 123:Did not succeed to copy 3D models!
('TP1', '${KIPRJMOD}\\packages3D\\TestPoint_Keystone_5015_Micro-Minature.wrl')
('TP2', '${KIPRJMOD}\\packages3D\\TestPoint_Keystone_5015_Micro-Minature.wrl')
